http://localhost:3000/admin/users

Something went wrong
Could not load users. (ref: 596963662@E394)

users:1  GET http://localhost:3000/admin/users 500 (Internal Server Error)
forward-logs-shared.ts:95 [HMR] connected
installHook.js:1 Encountered a script tag while rendering React component. Scripts inside React components are never executed when rendering on the client. Consider using template tag instead (https://developer.mozilla.org/en-US/docs/Web/HTML/Element/template).
overrideMethod @ installHook.js:1
error @ intercept-console-error.ts:48
completeWork @ react-dom-client.development.js:12961
runWithFiberInDEV @ react-dom-client.development.js:986
completeUnitOfWork @ react-dom-client.development.js:19132
performUnitOfWork @ react-dom-client.development.js:19005
workLoopSync @ react-dom-client.development.js:18816
renderRootSync @ react-dom-client.development.js:18797
performWorkOnRoot @ react-dom-client.development.js:17823
performWorkOnRootViaSchedulerTask @ react-dom-client.development.js:20471
performWorkUntilDeadline @ scheduler.development.js:45
<script>
(anonymous) @ react.development.js:1137
(anonymous) @ index.mjs:1
react_stack_bottom_frame @ react-dom-client.development.js:28241
renderWithHooksAgain @ react-dom-client.development.js:8025
renderWithHooks @ react-dom-client.development.js:7937
updateFunctionComponent @ react-dom-client.development.js:10442
updateSimpleMemoComponent @ react-dom-client.development.js:10106
updateMemoComponent @ react-dom-client.development.js:10039
beginWork @ react-dom-client.development.js:12522
runWithFiberInDEV @ react-dom-client.development.js:986
performUnitOfWork @ react-dom-client.development.js:18988
workLoopSync @ react-dom-client.development.js:18816
renderRootSync @ react-dom-client.development.js:18797
performWorkOnRoot @ react-dom-client.development.js:17823
performWorkOnRootViaSchedulerTask @ react-dom-client.development.js:20471
performWorkUntilDeadline @ scheduler.development.js:45
<Memo>
(anonymous) @ react.development.js:1137
(anonymous) @ index.mjs:1
react_stack_bottom_frame @ react-dom-client.development.js:28241
renderWithHooksAgain @ react-dom-client.development.js:8025
renderWithHooks @ react-dom-client.development.js:7937
updateFunctionComponent @ react-dom-client.development.js:10442
beginWork @ react-dom-client.development.js:12112
runWithFiberInDEV @ react-dom-client.development.js:986
performUnitOfWork @ react-dom-client.development.js:18988
workLoopSync @ react-dom-client.development.js:18816
renderRootSync @ react-dom-client.development.js:18797
performWorkOnRoot @ react-dom-client.development.js:17823
performWorkOnRootViaSchedulerTask @ react-dom-client.development.js:20471
performWorkUntilDeadline @ scheduler.development.js:45
<V>
(anonymous) @ react.development.js:1137
e @ index.mjs:1
react_stack_bottom_frame @ react-dom-client.development.js:28241
renderWithHooksAgain @ react-dom-client.development.js:8025
renderWithHooks @ react-dom-client.development.js:7937
updateFunctionComponent @ react-dom-client.development.js:10442
beginWork @ react-dom-client.development.js:12112
runWithFiberInDEV @ react-dom-client.development.js:986
performUnitOfWork @ react-dom-client.development.js:18988
workLoopSync @ react-dom-client.development.js:18816
renderRootSync @ react-dom-client.development.js:18797
performWorkOnRoot @ react-dom-client.development.js:17823
performWorkOnRootViaSchedulerTask @ react-dom-client.development.js:20471
performWorkUntilDeadline @ scheduler.development.js:45
<J>
(anonymous) @ react-jsx-dev-runtime.development.js:342
ThemeProvider @ theme-provider.tsx:20
react_stack_bottom_frame @ react-dom-client.development.js:28241
renderWithHooksAgain @ react-dom-client.development.js:8025
renderWithHooks @ react-dom-client.development.js:7937
updateFunctionComponent @ react-dom-client.development.js:10442
beginWork @ react-dom-client.development.js:12052
runWithFiberInDEV @ react-dom-client.development.js:986
performUnitOfWork @ react-dom-client.development.js:18988
workLoopSync @ react-dom-client.development.js:18816
renderRootSync @ react-dom-client.development.js:18797
performWorkOnRoot @ react-dom-client.development.js:17823
performWorkOnRootViaSchedulerTask @ react-dom-client.development.js:20471
performWorkUntilDeadline @ scheduler.development.js:45
"use client"
(anonymous) @ layout.tsx:42
initializeElement @ react-server-dom-turbopack-client.browser.development.js:1975
<RootLayout>
initializeFakeTask @ react-server-dom-turbopack-client.browser.development.js:3454
initializeDebugInfo @ react-server-dom-turbopack-client.browser.development.js:3479
fulfillReference @ react-server-dom-turbopack-client.browser.development.js:2118
wakeChunk @ react-server-dom-turbopack-client.browser.development.js:1549
fulfillReference @ react-server-dom-turbopack-client.browser.development.js:2159
wakeChunk @ react-server-dom-turbopack-client.browser.development.js:1549
fulfillReference @ react-server-dom-turbopack-client.browser.development.js:2159
wakeChunk @ react-server-dom-turbopack-client.browser.development.js:1549
wakeChunkIfInitialized @ react-server-dom-turbopack-client.browser.development.js:1591
resolveModelChunk @ react-server-dom-turbopack-client.browser.development.js:1701
processFullStringRow @ react-server-dom-turbopack-client.browser.development.js:4512
processFullBinaryRow @ react-server-dom-turbopack-client.browser.development.js:4370
processBinaryChunk @ react-server-dom-turbopack-client.browser.development.js:4593
progress @ react-server-dom-turbopack-client.browser.development.js:4910
"use server"
ResponseInstance @ react-server-dom-turbopack-client.browser.development.js:2833
createResponseFromOptions @ react-server-dom-turbopack-client.browser.development.js:4788
(anonymous) @ react-server-dom-turbopack-client.browser.development.js:5191
(anonymous) @ app-index.tsx:265
(anonymous) @ hmr-runtime.ts:650
runModuleExecutionHooks @ dev-base.ts:213
instantiateModuleShared @ hmr-runtime.ts:648
instantiateModule @ dev-base.ts:181
(anonymous) @ dev-base.ts:135
commonJsRequire @ runtime-utils.ts:440
(anonymous) @ app-next-turbopack.ts:12
(anonymous) @ app-bootstrap.ts:79
loadScriptsInSequence @ app-bootstrap.ts:23
appBootstrap @ app-bootstrap.ts:61
(anonymous) @ app-next-turbopack.ts:11
(anonymous) @ hmr-runtime.ts:650
runModuleExecutionHooks @ dev-base.ts:213
instantiateModuleShared @ hmr-runtime.ts:648
instantiateModule @ dev-base.ts:181
getOrInstantiateRuntimeModule @ dev-base.ts:101
registerChunk @ runtime-backend-dom.ts:65
await in registerChunk
registerChunk @ dev-base.ts:562
(anonymous) @ dev-backend-dom.ts:145
(anonymous) @ dev-backend-dom.ts:145
installHook.js:1 Error: {code: ..., details: ..., hint: ..., message: ...}
    at resolveErrorDev (react-server-dom-turbopack-client.browser.development.js:3260:51)
    at processFullStringRow (react-server-dom-turbopack-client.browser.development.js:4427:23)
    at processFullBinaryRow (react-server-dom-turbopack-client.browser.development.js:4370:7)
    at processBinaryChunk (react-server-dom-turbopack-client.browser.development.js:4593:19)
    at progress (react-server-dom-turbopack-client.browser.development.js:4924:9)

The above error occurred in the <Page> component. It was handled by the <ErrorBoundaryHandler> error boundary.
overrideMethod @ installHook.js:1
onCaughtError @ error-boundary-callbacks.ts:90
logCaughtError @ react-dom-client.development.js:9713
runWithFiberInDEV @ react-dom-client.development.js:986
(anonymous) @ react-dom-client.development.js:9746
callCallback @ react-dom-client.development.js:7676
commitCallbacks @ react-dom-client.development.js:7696
runWithFiberInDEV @ react-dom-client.development.js:986
commitClassCallbacks @ react-dom-client.development.js:13791
commitLayoutEffectOnFiber @ react-dom-client.development.js:15043
recursivelyTraverseLayoutEffects @ react-dom-client.development.js:16358
commitLayoutEffectOnFiber @ react-dom-client.development.js:14966
recursivelyTraverseLayoutEffects @ react-dom-client.development.js:16358
commitLayoutEffectOnFiber @ react-dom-client.development.js:14971
recursivelyTraverseLayoutEffects @ react-dom-client.development.js:16358
commitLayoutEffectOnFiber @ react-dom-client.development.js:14966
recursivelyTraverseLayoutEffects @ react-dom-client.development.js:16358
commitLayoutEffectOnFiber @ react-dom-client.development.js:14966
recursivelyTraverseLayoutEffects @ react-dom-client.development.js:16358
commitLayoutEffectOnFiber @ react-dom-client.development.js:15187
recursivelyTraverseLayoutEffects @ react-dom-client.development.js:16358
commitLayoutEffectOnFiber @ react-dom-client.development.js:15187
recursivelyTraverseLayoutEffects @ react-dom-client.development.js:16358
commitLayoutEffectOnFiber @ react-dom-client.development.js:14966
recursivelyTraverseLayoutEffects @ react-dom-client.development.js:16358
commitLayoutEffectOnFiber @ react-dom-client.development.js:14966
recursivelyTraverseLayoutEffects @ react-dom-client.development.js:16358
commitLayoutEffectOnFiber @ react-dom-client.development.js:15187
recursivelyTraverseLayoutEffects @ react-dom-client.development.js:16358
commitLayoutEffectOnFiber @ react-dom-client.development.js:15187
recursivelyTraverseLayoutEffects @ react-dom-client.development.js:16358
commitLayoutEffectOnFiber @ react-dom-client.development.js:15187
recursivelyTraverseLayoutEffects @ react-dom-client.development.js:16358
commitLayoutEffectOnFiber @ react-dom-client.development.js:14966
recursivelyTraverseLayoutEffects @ react-dom-client.development.js:16358
commitLayoutEffectOnFiber @ react-dom-client.development.js:14971
recursivelyTraverseLayoutEffects @ react-dom-client.development.js:16358
commitLayoutEffectOnFiber @ react-dom-client.development.js:14966
recursivelyTraverseLayoutEffects @ react-dom-client.development.js:16358
commitLayoutEffectOnFiber @ react-dom-client.development.js:14966
recursivelyTraverseLayoutEffects @ react-dom-client.development.js:16358
commitLayoutEffectOnFiber @ react-dom-client.development.js:14966
recursivelyTraverseLayoutEffects @ react-dom-client.development.js:16358
commitLayoutEffectOnFiber @ react-dom-client.development.js:14966
recursivelyTraverseLayoutEffects @ react-dom-client.development.js:16358
commitLayoutEffectOnFiber @ react-dom-client.development.js:14971
recursivelyTraverseLayoutEffects @ react-dom-client.development.js:16358
commitLayoutEffectOnFiber @ react-dom-client.development.js:14966
recursivelyTraverseLayoutEffects @ react-dom-client.development.js:16358
commitLayoutEffectOnFiber @ react-dom-client.development.js:14966
recursivelyTraverseLayoutEffects @ react-dom-client.development.js:16358
commitLayoutEffectOnFiber @ react-dom-client.development.js:15187
recursivelyTraverseLayoutEffects @ react-dom-client.development.js:16358
commitLayoutEffectOnFiber @ react-dom-client.development.js:15187
recursivelyTraverseLayoutEffects @ react-dom-client.development.js:16358
commitLayoutEffectOnFiber @ react-dom-client.development.js:14966
recursivelyTraverseLayoutEffects @ react-dom-client.development.js:16358
commitLayoutEffectOnFiber @ react-dom-client.development.js:14966
recursivelyTraverseLayoutEffects @ react-dom-client.development.js:16358
commitLayoutEffectOnFiber @ react-dom-client.development.js:15187
recursivelyTraverseLayoutEffects @ react-dom-client.development.js:16358
commitLayoutEffectOnFiber @ react-dom-client.development.js:15187
recursivelyTraverseLayoutEffects @ react-dom-client.development.js:16358
commitLayoutEffectOnFiber @ react-dom-client.development.js:15187
recursivelyTraverseLayoutEffects @ react-dom-client.development.js:16358
commitLayoutEffectOnFiber @ react-dom-client.development.js:14966
recursivelyTraverseLayoutEffects @ react-dom-client.development.js:16358
commitLayoutEffectOnFiber @ react-dom-client.development.js:14971
recursivelyTraverseLayoutEffects @ react-dom-client.development.js:16358
commitLayoutEffectOnFiber @ react-dom-client.development.js:14966
recursivelyTraverseLayoutEffects @ react-dom-client.development.js:16358
commitLayoutEffectOnFiber @ react-dom-client.development.js:14971
recursivelyTraverseLayoutEffects @ react-dom-client.development.js:16358
commitLayoutEffectOnFiber @ react-dom-client.development.js:14966
recursivelyTraverseLayoutEffects @ react-dom-client.development.js:16358
commitLayoutEffectOnFiber @ react-dom-client.development.js:14966
recursivelyTraverseLayoutEffects @ react-dom-client.development.js:16358
commitLayoutEffectOnFiber @ react-dom-client.development.js:14966
recursivelyTraverseLayoutEffects @ react-dom-client.development.js:16358
commitLayoutEffectOnFiber @ react-dom-client.development.js:14971
recursivelyTraverseLayoutEffects @ react-dom-client.development.js:16358
commitLayoutEffectOnFiber @ react-dom-client.development.js:14966
recursivelyTraverseLayoutEffects @ react-dom-client.development.js:16358
commitLayoutEffectOnFiber @ react-dom-client.development.js:14966
recursivelyTraverseLayoutEffects @ react-dom-client.development.js:16358
commitLayoutEffectOnFiber @ react-dom-client.development.js:15187
recursivelyTraverseLayoutEffects @ react-dom-client.development.js:16358
commitLayoutEffectOnFiber @ react-dom-client.development.js:15187
recursivelyTraverseLayoutEffects @ react-dom-client.development.js:16358
commitLayoutEffectOnFiber @ react-dom-client.development.js:14966
recursivelyTraverseLayoutEffects @ react-dom-client.development.js:16358
commitLayoutEffectOnFiber @ react-dom-client.development.js:14966
recursivelyTraverseLayoutEffects @ react-dom-client.development.js:16358
commitLayoutEffectOnFiber @ react-dom-client.development.js:15082
recursivelyTraverseLayoutEffects @ react-dom-client.development.js:16358
commitLayoutEffectOnFiber @ react-dom-client.development.js:15082
recursivelyTraverseLayoutEffects @ react-dom-client.development.js:16358
commitLayoutEffectOnFiber @ react-dom-client.development.js:14966
recursivelyTraverseLayoutEffects @ react-dom-client.development.js:16358
commitLayoutEffectOnFiber @ react-dom-client.development.js:15082
recursivelyTraverseLayoutEffects @ react-dom-client.development.js:16358
commitLayoutEffectOnFiber @ react-dom-client.development.js:15187
recursivelyTraverseLayoutEffects @ react-dom-client.development.js:16358
commitLayoutEffectOnFiber @ react-dom-client.development.js:14966
recursivelyTraverseLayoutEffects @ react-dom-client.development.js:16358
commitLayoutEffectOnFiber @ react-dom-client.development.js:15187
recursivelyTraverseLayoutEffects @ react-dom-client.development.js:16358
commitLayoutEffectOnFiber @ react-dom-client.development.js:14966
recursivelyTraverseLayoutEffects @ react-dom-client.development.js:16358
commitLayoutEffectOnFiber @ react-dom-client.development.js:15187
recursivelyTraverseLayoutEffects @ react-dom-client.development.js:16358
commitLayoutEffectOnFiber @ react-dom-client.development.js:15187
recursivelyTraverseLayoutEffects @ react-dom-client.development.js:16358
commitLayoutEffectOnFiber @ react-dom-client.development.js:14966
recursivelyTraverseLayoutEffects @ react-dom-client.development.js:16358
commitLayoutEffectOnFiber @ react-dom-client.development.js:14971
recursivelyTraverseLayoutEffects @ react-dom-client.development.js:16358
commitLayoutEffectOnFiber @ react-dom-client.development.js:14966
recursivelyTraverseLayoutEffects @ react-dom-client.development.js:16358
commitLayoutEffectOnFiber @ react-dom-client.development.js:14971
recursivelyTraverseLayoutEffects @ react-dom-client.development.js:16358
commitLayoutEffectOnFiber @ react-dom-client.development.js:14966
recursivelyTraverseLayoutEffects @ react-dom-client.development.js:16358
commitLayoutEffectOnFiber @ react-dom-client.development.js:14966
recursivelyTraverseLayoutEffects @ react-dom-client.development.js:16358
commitLayoutEffectOnFiber @ react-dom-client.development.js:14966
recursivelyTraverseLayoutEffects @ react-dom-client.development.js:16358
commitLayoutEffectOnFiber @ react-dom-client.development.js:14971
recursivelyTraverseLayoutEffects @ react-dom-client.development.js:16358
commitLayoutEffectOnFiber @ react-dom-client.development.js:14966
recursivelyTraverseLayoutEffects @ react-dom-client.development.js:16358
commitLayoutEffectOnFiber @ react-dom-client.development.js:14966
recursivelyTraverseLayoutEffects @ react-dom-client.development.js:16358
commitLayoutEffectOnFiber @ react-dom-client.development.js:15187
recursivelyTraverseLayoutEffects @ react-dom-client.development.js:16358
commitLayoutEffectOnFiber @ react-dom-client.development.js:15187
recursivelyTraverseLayoutEffects @ react-dom-client.development.js:16358
commitLayoutEffectOnFiber @ react-dom-client.development.js:14966
recursivelyTraverseLayoutEffects @ react-dom-client.development.js:16358
commitLayoutEffectOnFiber @ react-dom-client.development.js:14966
recursivelyTraverseLayoutEffects @ react-dom-client.development.js:16358
commitLayoutEffectOnFiber @ react-dom-client.development.js:15187
recursivelyTraverseLayoutEffects @ react-dom-client.development.js:16358
commitLayoutEffectOnFiber @ react-dom-client.development.js:14966
recursivelyTraverseLayoutEffects @ react-dom-client.development.js:16358
commitLayoutEffectOnFiber @ react-dom-client.development.js:14966
recursivelyTraverseLayoutEffects @ react-dom-client.development.js:16358
commitLayoutEffectOnFiber @ react-dom-client.development.js:14966
recursivelyTraverseLayoutEffects @ react-dom-client.development.js:16358
commitLayoutEffectOnFiber @ react-dom-client.development.js:15187
recursivelyTraverseLayoutEffects @ react-dom-client.development.js:16358
commitLayoutEffectOnFiber @ react-dom-client.development.js:15187
recursivelyTraverseLayoutEffects @ react-dom-client.development.js:16358
commitLayoutEffectOnFiber @ react-dom-client.development.js:14966
recursivelyTraverseLayoutEffects @ react-dom-client.development.js:16358
commitLayoutEffectOnFiber @ react-dom-client.development.js:14966
recursivelyTraverseLayoutEffects @ react-dom-client.development.js:16358
commitLayoutEffectOnFiber @ react-dom-client.development.js:14966
recursivelyTraverseLayoutEffects @ react-dom-client.development.js:16358
commitLayoutEffectOnFiber @ react-dom-client.development.js:15082
recursivelyTraverseLayoutEffects @ react-dom-client.development.js:16358
commitLayoutEffectOnFiber @ react-dom-client.development.js:15082
recursivelyTraverseLayoutEffects @ react-dom-client.development.js:16358
commitLayoutEffectOnFiber @ react-dom-client.development.js:15187
recursivelyTraverseLayoutEffects @ react-dom-client.development.js:16358
commitLayoutEffectOnFiber @ react-dom-client.development.js:14966
recursivelyTraverseLayoutEffects @ react-dom-client.development.js:16358
commitLayoutEffectOnFiber @ react-dom-client.development.js:14966
recursivelyTraverseLayoutEffects @ react-dom-client.development.js:16358
commitLayoutEffectOnFiber @ react-dom-client.development.js:14971
recursivelyTraverseLayoutEffects @ react-dom-client.development.js:16358
commitLayoutEffectOnFiber @ react-dom-client.development.js:14966
recursivelyTraverseLayoutEffects @ react-dom-client.development.js:16358
commitLayoutEffectOnFiber @ react-dom-client.development.js:14971
recursivelyTraverseLayoutEffects @ react-dom-client.development.js:16358
commitLayoutEffectOnFiber @ react-dom-client.development.js:14966
recursivelyTraverseLayoutEffects @ react-dom-client.development.js:16358
commitLayoutEffectOnFiber @ react-dom-client.development.js:14966
recursivelyTraverseLayoutEffects @ react-dom-client.development.js:16358
commitLayoutEffectOnFiber @ react-dom-client.development.js:14971
recursivelyTraverseLayoutEffects @ react-dom-client.development.js:16358
commitLayoutEffectOnFiber @ react-dom-client.development.js:14966
recursivelyTraverseLayoutEffects @ react-dom-client.development.js:16358
commitLayoutEffectOnFiber @ react-dom-client.development.js:15187
recursivelyTraverseLayoutEffects @ react-dom-client.development.js:16358
commitLayoutEffectOnFiber @ react-dom-client.development.js:15187
recursivelyTraverseLayoutEffects @ react-dom-client.development.js:16358
commitLayoutEffectOnFiber @ react-dom-client.development.js:15187
recursivelyTraverseLayoutEffects @ react-dom-client.development.js:16358
commitLayoutEffectOnFiber @ react-dom-client.development.js:15187
recursivelyTraverseLayoutEffects @ react-dom-client.development.js:16358
commitLayoutEffectOnFiber @ react-dom-client.development.js:15187
recursivelyTraverseLayoutEffects @ react-dom-client.development.js:16358
commitLayoutEffectOnFiber @ react-dom-client.development.js:15187
recursivelyTraverseLayoutEffects @ react-dom-client.development.js:16358
commitLayoutEffectOnFiber @ react-dom-client.development.js:15187
recursivelyTraverseLayoutEffects @ react-dom-client.development.js:16358
commitLayoutEffectOnFiber @ react-dom-client.development.js:14966
recursivelyTraverseLayoutEffects @ react-dom-client.development.js:16358
commitLayoutEffectOnFiber @ react-dom-client.development.js:14971
"use client"
Promise.all @ VM1916 <anonymous>:1
Promise.all @ VM1916 <anonymous>:1
Promise.all @ VM1916 <anonymous>:1
initializeElement @ react-server-dom-turbopack-client.browser.development.js:1974
"use server"
ResponseInstance @ react-server-dom-turbopack-client.browser.development.js:2833
createResponseFromOptions @ react-server-dom-turbopack-client.browser.development.js:4788
(anonymous) @ react-server-dom-turbopack-client.browser.development.js:5191
(anonymous) @ app-index.tsx:265
(anonymous) @ hmr-runtime.ts:650
runModuleExecutionHooks @ dev-base.ts:213
instantiateModuleShared @ hmr-runtime.ts:648
instantiateModule @ dev-base.ts:181
(anonymous) @ dev-base.ts:135
commonJsRequire @ runtime-utils.ts:440
(anonymous) @ app-next-turbopack.ts:12
(anonymous) @ app-bootstrap.ts:79
loadScriptsInSequence @ app-bootstrap.ts:23
appBootstrap @ app-bootstrap.ts:61
(anonymous) @ app-next-turbopack.ts:11
(anonymous) @ hmr-runtime.ts:650
runModuleExecutionHooks @ dev-base.ts:213
instantiateModuleShared @ hmr-runtime.ts:648
instantiateModule @ dev-base.ts:181
getOrInstantiateRuntimeModule @ dev-base.ts:101
registerChunk @ runtime-backend-dom.ts:65
await in registerChunk
registerChunk @ dev-base.ts:562
(anonymous) @ dev-backend-dom.ts:145
(anonymous) @ dev-backend-dom.ts:145
installHook.js:1 Error: {code: ..., details: ..., hint: ..., message: ...}
    at resolveErrorDev (react-server-dom-turbopack-client.browser.development.js:3260:51)
    at processFullStringRow (react-server-dom-turbopack-client.browser.development.js:4427:23)
    at processFullBinaryRow (react-server-dom-turbopack-client.browser.development.js:4370:7)
    at processBinaryChunk (react-server-dom-turbopack-client.browser.development.js:4593:19)
    at progress (react-server-dom-turbopack-client.browser.development.js:4924:9)
overrideMethod @ installHook.js:1
error @ intercept-console-error.ts:48
(anonymous) @ error.tsx:15
react_stack_bottom_frame @ react-dom-client.development.js:28326
runWithFiberInDEV @ react-dom-client.development.js:986
commitHookEffectListMount @ react-dom-client.development.js:13663
commitHookPassiveMountEffects @ react-dom-client.development.js:13750
commitPassiveMountOnFiber @ react-dom-client.development.js:16721
recursivelyTraversePassiveMountEffects @ react-dom-client.development.js:16666
commitPassiveMountOnFiber @ react-dom-client.development.js:16741
recursivelyTraversePassiveMountEffects @ react-dom-client.development.js:16666
commitPassiveMountOnFiber @ react-dom-client.development.js:16713
recursivelyTraversePassiveMountEffects @ react-dom-client.development.js:16666
commitPassiveMountOnFiber @ react-dom-client.development.js:16741
recursivelyTraversePassiveMountEffects @ react-dom-client.development.js:16666
commitPassiveMountOnFiber @ react-dom-client.development.js:16713
recursivelyTraversePassiveMountEffects @ react-dom-client.development.js:16666
commitPassiveMountOnFiber @ react-dom-client.development.js:16713
recursivelyTraversePassiveMountEffects @ react-dom-client.development.js:16666
commitPassiveMountOnFiber @ react-dom-client.development.js:16998
recursivelyTraversePassiveMountEffects @ react-dom-client.development.js:16666
commitPassiveMountOnFiber @ react-dom-client.development.js:16998
recursivelyTraversePassiveMountEffects @ react-dom-client.development.js:16666
commitPassiveMountOnFiber @ react-dom-client.development.js:16713
recursivelyTraversePassiveMountEffects @ react-dom-client.development.js:16666
commitPassiveMountOnFiber @ react-dom-client.development.js:16713
recursivelyTraversePassiveMountEffects @ react-dom-client.development.js:16666
commitPassiveMountOnFiber @ react-dom-client.development.js:16998
recursivelyTraversePassiveMountEffects @ react-dom-client.development.js:16666
commitPassiveMountOnFiber @ react-dom-client.development.js:16998
recursivelyTraversePassiveMountEffects @ react-dom-client.development.js:16666
commitPassiveMountOnFiber @ react-dom-client.development.js:16998
recursivelyTraversePassiveMountEffects @ react-dom-client.development.js:16666
commitPassiveMountOnFiber @ react-dom-client.development.js:16713
recursivelyTraversePassiveMountEffects @ react-dom-client.development.js:16666
commitPassiveMountOnFiber @ react-dom-client.development.js:16741
recursivelyTraversePassiveMountEffects @ react-dom-client.development.js:16666
commitPassiveMountOnFiber @ react-dom-client.development.js:16713
recursivelyTraversePassiveMountEffects @ react-dom-client.development.js:16666
commitPassiveMountOnFiber @ react-dom-client.development.js:16713
recursivelyTraversePassiveMountEffects @ react-dom-client.development.js:16666
commitPassiveMountOnFiber @ react-dom-client.development.js:16713
recursivelyTraversePassiveMountEffects @ react-dom-client.development.js:16666
commitPassiveMountOnFiber @ react-dom-client.development.js:16713
recursivelyTraversePassiveMountEffects @ react-dom-client.development.js:16666
commitPassiveMountOnFiber @ react-dom-client.development.js:16741
recursivelyTraversePassiveMountEffects @ react-dom-client.development.js:16666
commitPassiveMountOnFiber @ react-dom-client.development.js:16713
recursivelyTraversePassiveMountEffects @ react-dom-client.development.js:16666
commitPassiveMountOnFiber @ react-dom-client.development.js:16713
recursivelyTraversePassiveMountEffects @ react-dom-client.development.js:16666
commitPassiveMountOnFiber @ react-dom-client.development.js:16998
recursivelyTraversePassiveMountEffects @ react-dom-client.development.js:16666
commitPassiveMountOnFiber @ react-dom-client.development.js:16998
recursivelyTraversePassiveMountEffects @ react-dom-client.development.js:16666
commitPassiveMountOnFiber @ react-dom-client.development.js:16713
recursivelyTraversePassiveMountEffects @ react-dom-client.development.js:16666
commitPassiveMountOnFiber @ react-dom-client.development.js:16713
recursivelyTraversePassiveMountEffects @ react-dom-client.development.js:16666
commitPassiveMountOnFiber @ react-dom-client.development.js:16998
recursivelyTraversePassiveMountEffects @ react-dom-client.development.js:16666
commitPassiveMountOnFiber @ react-dom-client.development.js:16998
recursivelyTraversePassiveMountEffects @ react-dom-client.development.js:16666
commitPassiveMountOnFiber @ react-dom-client.development.js:16998
recursivelyTraversePassiveMountEffects @ react-dom-client.development.js:16666
commitPassiveMountOnFiber @ react-dom-client.development.js:16713
recursivelyTraversePassiveMountEffects @ react-dom-client.development.js:16666
commitPassiveMountOnFiber @ react-dom-client.development.js:16741
recursivelyTraversePassiveMountEffects @ react-dom-client.development.js:16666
commitPassiveMountOnFiber @ react-dom-client.development.js:16713
recursivelyTraversePassiveMountEffects @ react-dom-client.development.js:16666
commitPassiveMountOnFiber @ react-dom-client.development.js:16741
recursivelyTraversePassiveMountEffects @ react-dom-client.development.js:16666
commitPassiveMountOnFiber @ react-dom-client.development.js:16713
recursivelyTraversePassiveMountEffects @ react-dom-client.development.js:16666
commitPassiveMountOnFiber @ react-dom-client.development.js:16713
recursivelyTraversePassiveMountEffects @ react-dom-client.development.js:16666
commitPassiveMountOnFiber @ react-dom-client.development.js:16713
recursivelyTraversePassiveMountEffects @ react-dom-client.development.js:16666
commitPassiveMountOnFiber @ react-dom-client.development.js:16741
recursivelyTraversePassiveMountEffects @ react-dom-client.development.js:16666
commitPassiveMountOnFiber @ react-dom-client.development.js:16713
recursivelyTraversePassiveMountEffects @ react-dom-client.development.js:16666
commitPassiveMountOnFiber @ react-dom-client.development.js:16713
recursivelyTraversePassiveMountEffects @ react-dom-client.development.js:16666
commitPassiveMountOnFiber @ react-dom-client.development.js:16998
recursivelyTraversePassiveMountEffects @ react-dom-client.development.js:16666
commitPassiveMountOnFiber @ react-dom-client.development.js:16998
recursivelyTraversePassiveMountEffects @ react-dom-client.development.js:16666
commitPassiveMountOnFiber @ react-dom-client.development.js:16713
recursivelyTraversePassiveMountEffects @ react-dom-client.development.js:16666
commitPassiveMountOnFiber @ react-dom-client.development.js:16713
recursivelyTraversePassiveMountEffects @ react-dom-client.development.js:16666
commitPassiveMountOnFiber @ react-dom-client.development.js:16998
recursivelyTraversePassiveMountEffects @ react-dom-client.development.js:16666
commitPassiveMountOnFiber @ react-dom-client.development.js:16998
recursivelyTraversePassiveMountEffects @ react-dom-client.development.js:16666
commitPassiveMountOnFiber @ react-dom-client.development.js:16713
recursivelyTraversePassiveMountEffects @ react-dom-client.development.js:16666
commitPassiveMountOnFiber @ react-dom-client.development.js:16998
recursivelyTraversePassiveMountEffects @ react-dom-client.development.js:16666
commitPassiveMountOnFiber @ react-dom-client.development.js:16998
recursivelyTraversePassiveMountEffects @ react-dom-client.development.js:16666
commitPassiveMountOnFiber @ react-dom-client.development.js:16713
recursivelyTraversePassiveMountEffects @ react-dom-client.development.js:16666
commitPassiveMountOnFiber @ react-dom-client.development.js:16998
recursivelyTraversePassiveMountEffects @ react-dom-client.development.js:16666
commitPassiveMountOnFiber @ react-dom-client.development.js:16713
recursivelyTraversePassiveMountEffects @ react-dom-client.development.js:16666
commitPassiveMountOnFiber @ react-dom-client.development.js:16998
recursivelyTraversePassiveMountEffects @ react-dom-client.development.js:16666
commitPassiveMountOnFiber @ react-dom-client.development.js:16998
recursivelyTraversePassiveMountEffects @ react-dom-client.development.js:16666
commitPassiveMountOnFiber @ react-dom-client.development.js:16713
recursivelyTraversePassiveMountEffects @ react-dom-client.development.js:16666
commitPassiveMountOnFiber @ react-dom-client.development.js:16741
recursivelyTraversePassiveMountEffects @ react-dom-client.development.js:16666
commitPassiveMountOnFiber @ react-dom-client.development.js:16713
recursivelyTraversePassiveMountEffects @ react-dom-client.development.js:16666
commitPassiveMountOnFiber @ react-dom-client.development.js:16741
recursivelyTraversePassiveMountEffects @ react-dom-client.development.js:16666
commitPassiveMountOnFiber @ react-dom-client.development.js:16713
recursivelyTraversePassiveMountEffects @ react-dom-client.development.js:16666
commitPassiveMountOnFiber @ react-dom-client.development.js:16713
recursivelyTraversePassiveMountEffects @ react-dom-client.development.js:16666
commitPassiveMountOnFiber @ react-dom-client.development.js:16713
recursivelyTraversePassiveMountEffects @ react-dom-client.development.js:16666
commitPassiveMountOnFiber @ react-dom-client.development.js:16741
recursivelyTraversePassiveMountEffects @ react-dom-client.development.js:16666
commitPassiveMountOnFiber @ react-dom-client.development.js:16713
recursivelyTraversePassiveMountEffects @ react-dom-client.development.js:16666
commitPassiveMountOnFiber @ react-dom-client.development.js:16713
recursivelyTraversePassiveMountEffects @ react-dom-client.development.js:16666
commitPassiveMountOnFiber @ react-dom-client.development.js:16998
recursivelyTraversePassiveMountEffects @ react-dom-client.development.js:16666
commitPassiveMountOnFiber @ react-dom-client.development.js:16998
recursivelyTraversePassiveMountEffects @ react-dom-client.development.js:16666
commitPassiveMountOnFiber @ react-dom-client.development.js:16713
recursivelyTraversePassiveMountEffects @ react-dom-client.development.js:16666
commitPassiveMountOnFiber @ react-dom-client.development.js:16713
recursivelyTraversePassiveMountEffects @ react-dom-client.development.js:16666
commitPassiveMountOnFiber @ react-dom-client.development.js:16998
recursivelyTraversePassiveMountEffects @ react-dom-client.development.js:16666
commitPassiveMountOnFiber @ react-dom-client.development.js:16713
recursivelyTraversePassiveMountEffects @ react-dom-client.development.js:16666
commitPassiveMountOnFiber @ react-dom-client.development.js:16713
recursivelyTraversePassiveMountEffects @ react-dom-client.development.js:16666
commitPassiveMountOnFiber @ react-dom-client.development.js:16713
recursivelyTraversePassiveMountEffects @ react-dom-client.development.js:16666
commitPassiveMountOnFiber @ react-dom-client.development.js:16998
recursivelyTraversePassiveMountEffects @ react-dom-client.development.js:16666
commitPassiveMountOnFiber @ react-dom-client.development.js:16998
recursivelyTraversePassiveMountEffects @ react-dom-client.development.js:16666
commitPassiveMountOnFiber @ react-dom-client.development.js:16713
recursivelyTraversePassiveMountEffects @ react-dom-client.development.js:16666
commitPassiveMountOnFiber @ react-dom-client.development.js:16713
recursivelyTraversePassiveMountEffects @ react-dom-client.development.js:16666
commitPassiveMountOnFiber @ react-dom-client.development.js:16713
recursivelyTraversePassiveMountEffects @ react-dom-client.development.js:16666
commitPassiveMountOnFiber @ react-dom-client.development.js:16998
recursivelyTraversePassiveMountEffects @ react-dom-client.development.js:16666
commitPassiveMountOnFiber @ react-dom-client.development.js:16998
recursivelyTraversePassiveMountEffects @ react-dom-client.development.js:16666
commitPassiveMountOnFiber @ react-dom-client.development.js:16998
recursivelyTraversePassiveMountEffects @ react-dom-client.development.js:16666
commitPassiveMountOnFiber @ react-dom-client.development.js:16713
recursivelyTraversePassiveMountEffects @ react-dom-client.development.js:16666
commitPassiveMountOnFiber @ react-dom-client.development.js:16713
recursivelyTraversePassiveMountEffects @ react-dom-client.development.js:16666
commitPassiveMountOnFiber @ react-dom-client.development.js:16741
recursivelyTraversePassiveMountEffects @ react-dom-client.development.js:16666
commitPassiveMountOnFiber @ react-dom-client.development.js:16713
recursivelyTraversePassiveMountEffects @ react-dom-client.development.js:16666
commitPassiveMountOnFiber @ react-dom-client.development.js:16741
recursivelyTraversePassiveMountEffects @ react-dom-client.development.js:16666
commitPassiveMountOnFiber @ react-dom-client.development.js:16713
recursivelyTraversePassiveMountEffects @ react-dom-client.development.js:16666
commitPassiveMountOnFiber @ react-dom-client.development.js:16713
recursivelyTraversePassiveMountEffects @ react-dom-client.development.js:16666
commitPassiveMountOnFiber @ react-dom-client.development.js:16741
recursivelyTraversePassiveMountEffects @ react-dom-client.development.js:16666
commitPassiveMountOnFiber @ react-dom-client.development.js:16713
recursivelyTraversePassiveMountEffects @ react-dom-client.development.js:16666
commitPassiveMountOnFiber @ react-dom-client.development.js:16998
recursivelyTraversePassiveMountEffects @ react-dom-client.development.js:16666
commitPassiveMountOnFiber @ react-dom-client.development.js:16998
recursivelyTraversePassiveMountEffects @ react-dom-client.development.js:16666
commitPassiveMountOnFiber @ react-dom-client.development.js:16998
recursivelyTraversePassiveMountEffects @ react-dom-client.development.js:16666
commitPassiveMountOnFiber @ react-dom-client.development.js:16998
recursivelyTraversePassiveMountEffects @ react-dom-client.development.js:16666
commitPassiveMountOnFiber @ react-dom-client.development.js:16998
recursivelyTraversePassiveMountEffects @ react-dom-client.development.js:16666
commitPassiveMountOnFiber @ react-dom-client.development.js:16998
recursivelyTraversePassiveMountEffects @ react-dom-client.development.js:16666
commitPassiveMountOnFiber @ react-dom-client.development.js:16998
recursivelyTraversePassiveMountEffects @ react-dom-client.development.js:16666
commitPassiveMountOnFiber @ react-dom-client.development.js:16713
recursivelyTraversePassiveMountEffects @ react-dom-client.development.js:16666
commitPassiveMountOnFiber @ react-dom-client.development.js:16741
<Error>
(anonymous) @ react-jsx-runtime.development.js:342
render @ error-boundary.tsx:127
react_stack_bottom_frame @ react-dom-client.development.js:28254
updateClassComponent @ react-dom-client.development.js:10995
beginWork @ react-dom-client.development.js:12126
runWithFiberInDEV @ react-dom-client.development.js:986
performUnitOfWork @ react-dom-client.development.js:18988
workLoopSync @ react-dom-client.development.js:18816
renderRootSync @ react-dom-client.development.js:18797
performWorkOnRoot @ react-dom-client.development.js:17902
performWorkOnRootViaSchedulerTask @ react-dom-client.development.js:20471
performWorkUntilDeadline @ scheduler.development.js:45
<ErrorBoundaryHandler>
(anonymous) @ react-jsx-runtime.development.js:342
ErrorBoundary @ error-boundary.tsx:165
react_stack_bottom_frame @ react-dom-client.development.js:28241
renderWithHooksAgain @ react-dom-client.development.js:8025
renderWithHooks @ react-dom-client.development.js:7937
updateFunctionComponent @ react-dom-client.development.js:10442
beginWork @ react-dom-client.development.js:12112
runWithFiberInDEV @ react-dom-client.development.js:986
performUnitOfWork @ react-dom-client.development.js:18988
workLoopSync @ react-dom-client.development.js:18816
renderRootSync @ react-dom-client.development.js:18797
performWorkOnRoot @ react-dom-client.development.js:17902
performWorkOnRootViaSchedulerTask @ react-dom-client.development.js:20471
performWorkUntilDeadline @ scheduler.development.js:45
<ErrorBoundary>
(anonymous) @ react-jsx-runtime.development.js:342
OuterLayoutRouter @ layout-router.tsx:765
react_stack_bottom_frame @ react-dom-client.development.js:28241
renderWithHooksAgain @ react-dom-client.development.js:8025
renderWithHooks @ react-dom-client.development.js:7937
updateFunctionComponent @ react-dom-client.development.js:10442
beginWork @ react-dom-client.development.js:12052
runWithFiberInDEV @ react-dom-client.development.js:986
performUnitOfWork @ react-dom-client.development.js:18988
workLoopSync @ react-dom-client.development.js:18816
renderRootSync @ react-dom-client.development.js:18797
performWorkOnRoot @ react-dom-client.development.js:17902
performWorkOnRootViaSchedulerTask @ react-dom-client.development.js:20471
performWorkUntilDeadline @ scheduler.development.js:45
"use client"
Promise.all @ VM1916 <anonymous>:1
Promise.all @ VM1916 <anonymous>:1
Promise.all @ VM1916 <anonymous>:1
initializeElement @ react-server-dom-turbopack-client.browser.development.js:1974
"use server"
ResponseInstance @ react-server-dom-turbopack-client.browser.development.js:2833
createResponseFromOptions @ react-server-dom-turbopack-client.browser.development.js:4788
(anonymous) @ react-server-dom-turbopack-client.browser.development.js:5191
(anonymous) @ app-index.tsx:265
(anonymous) @ hmr-runtime.ts:650
runModuleExecutionHooks @ dev-base.ts:213
instantiateModuleShared @ hmr-runtime.ts:648
instantiateModule @ dev-base.ts:181
(anonymous) @ dev-base.ts:135
commonJsRequire @ runtime-utils.ts:440
(anonymous) @ app-next-turbopack.ts:12
(anonymous) @ app-bootstrap.ts:79
loadScriptsInSequence @ app-bootstrap.ts:23
appBootstrap @ app-bootstrap.ts:61
(anonymous) @ app-next-turbopack.ts:11
(anonymous) @ hmr-runtime.ts:650
runModuleExecutionHooks @ dev-base.ts:213
instantiateModuleShared @ hmr-runtime.ts:648
instantiateModule @ dev-base.ts:181
getOrInstantiateRuntimeModule @ dev-base.ts:101
registerChunk @ runtime-backend-dom.ts:65
await in registerChunk
registerChunk @ dev-base.ts:562
(anonymous) @ dev-backend-dom.ts:145
(anonymous) @ dev-backend-dom.ts:145
favicon.ico:1  GET http://localhost:3000/favicon.ico 404 (Not Found)
Image
resolveLoadingStatus @ avatar.tsx:128
(anonymous) @ avatar.tsx:148
mountStateImpl @ react-dom-client.development.js:8535
mountState @ react-dom-client.development.js:8552
useState @ react-dom-client.development.js:28580
(anonymous) @ react.development.js:1309
useImageLoadingStatus @ avatar.tsx:147
(anonymous) @ avatar.tsx:66
react_stack_bottom_frame @ react-dom-client.development.js:28241
renderWithHooks @ react-dom-client.development.js:7925
updateForwardRef @ react-dom-client.development.js:10000
beginWork @ react-dom-client.development.js:12451
runWithFiberInDEV @ react-dom-client.development.js:986
performUnitOfWork @ react-dom-client.development.js:18988
workLoopSync @ react-dom-client.development.js:18816
renderRootSync @ react-dom-client.development.js:18797
performWorkOnRoot @ react-dom-client.development.js:17823
performWorkOnRootViaSchedulerTask @ react-dom-client.development.js:20471
performWorkUntilDeadline @ scheduler.development.js:45
<AvatarImage>
(anonymous) @ react-jsx-dev-runtime.development.js:342
AvatarImage @ avatar.tsx:33
react_stack_bottom_frame @ react-dom-client.development.js:28241
renderWithHooksAgain @ react-dom-client.development.js:8025
renderWithHooks @ react-dom-client.development.js:7937
updateFunctionComponent @ react-dom-client.development.js:10442
beginWork @ react-dom-client.development.js:12112
runWithFiberInDEV @ react-dom-client.development.js:986
performUnitOfWork @ react-dom-client.development.js:18988
workLoopSync @ react-dom-client.development.js:18816
renderRootSync @ react-dom-client.development.js:18797
performWorkOnRoot @ react-dom-client.development.js:17823
performWorkOnRootViaSchedulerTask @ react-dom-client.development.js:20471
performWorkUntilDeadline @ scheduler.development.js:45
<AvatarImage>
(anonymous) @ react-jsx-dev-runtime.development.js:342
HeaderProfileMenu @ header-profile-menu.tsx:22
react_stack_bottom_frame @ react-dom-client.development.js:28241
renderWithHooksAgain @ react-dom-client.development.js:8025
renderWithHooks @ react-dom-client.development.js:7937
updateFunctionComponent @ react-dom-client.development.js:10442
beginWork @ react-dom-client.development.js:12112
runWithFiberInDEV @ react-dom-client.development.js:986
performUnitOfWork @ react-dom-client.development.js:18988
workLoopSync @ react-dom-client.development.js:18816
renderRootSync @ react-dom-client.development.js:18797
performWorkOnRoot @ react-dom-client.development.js:17823
performWorkOnRootViaSchedulerTask @ react-dom-client.development.js:20471
performWorkUntilDeadline @ scheduler.development.js:45
<HeaderProfileMenu>
(anonymous) @ react-jsx-dev-runtime.development.js:342
DashboardHeaderActions @ dashboard-header-actions.tsx:12
react_stack_bottom_frame @ react-dom-client.development.js:28241
renderWithHooksAgain @ react-dom-client.development.js:8025
renderWithHooks @ react-dom-client.development.js:7937
updateFunctionComponent @ react-dom-client.development.js:10442
beginWork @ react-dom-client.development.js:12112
runWithFiberInDEV @ react-dom-client.development.js:986
performUnitOfWork @ react-dom-client.development.js:18988
workLoopSync @ react-dom-client.development.js:18816
renderRootSync @ react-dom-client.development.js:18797
performWorkOnRoot @ react-dom-client.development.js:17823
performWorkOnRootViaSchedulerTask @ react-dom-client.development.js:20471
performWorkUntilDeadline @ scheduler.development.js:45
<DashboardHeaderActions>
(anonymous) @ react-jsx-dev-runtime.development.js:342
DashboardHeader @ dashboard-header.tsx:48
react_stack_bottom_frame @ react-dom-client.development.js:28241
renderWithHooksAgain @ react-dom-client.development.js:8025
renderWithHooks @ react-dom-client.development.js:7937
updateFunctionComponent @ react-dom-client.development.js:10442
beginWork @ react-dom-client.development.js:12052
runWithFiberInDEV @ react-dom-client.development.js:986
performUnitOfWork @ react-dom-client.development.js:18988
workLoopSync @ react-dom-client.development.js:18816
renderRootSync @ react-dom-client.development.js:18797
performWorkOnRoot @ react-dom-client.development.js:17823
performWorkOnRootViaSchedulerTask @ react-dom-client.development.js:20471
performWorkUntilDeadline @ scheduler.development.js:45
"use client"
(anonymous) @ layout.tsx:23
initializeElement @ react-server-dom-turbopack-client.browser.development.js:1975
reviveModel @ react-server-dom-turbopack-client.browser.development.js:4702
reviveModel @ react-server-dom-turbopack-client.browser.development.js:4632
reviveModel @ react-server-dom-turbopack-client.browser.development.js:4713
reviveModel @ react-server-dom-turbopack-client.browser.development.js:4632
reviveModel @ react-server-dom-turbopack-client.browser.development.js:4632
reviveModel @ react-server-dom-turbopack-client.browser.development.js:4713
reviveModel @ react-server-dom-turbopack-client.browser.development.js:4632
parseModel @ react-server-dom-turbopack-client.browser.development.js:4622
initializeModelChunk @ react-server-dom-turbopack-client.browser.development.js:1860
readChunk @ react-server-dom-turbopack-client.browser.development.js:1477
react_stack_bottom_frame @ react-dom-client.development.js:28348
resolveLazy @ react-dom-client.development.js:6269
createChild @ react-dom-client.development.js:6621
reconcileChildrenArray @ react-dom-client.development.js:6928
reconcileChildFibersImpl @ react-dom-client.development.js:7252
(anonymous) @ react-dom-client.development.js:7351
reconcileChildren @ react-dom-client.development.js:9977
beginWork @ react-dom-client.development.js:12462
runWithFiberInDEV @ react-dom-client.development.js:986
performUnitOfWork @ react-dom-client.development.js:18988
workLoopSync @ react-dom-client.development.js:18816
renderRootSync @ react-dom-client.development.js:18797
performWorkOnRoot @ react-dom-client.development.js:17823
performWorkOnRootViaSchedulerTask @ react-dom-client.development.js:20471
performWorkUntilDeadline @ scheduler.development.js:45
<DashboardLayout>
Promise.all @ VM1916 <anonymous>:1
initializeFakeTask @ react-server-dom-turbopack-client.browser.development.js:3454
initializeDebugInfo @ react-server-dom-turbopack-client.browser.development.js:3479
fulfillReference @ react-server-dom-turbopack-client.browser.development.js:2118
wakeChunk @ react-server-dom-turbopack-client.browser.development.js:1549
fulfillReference @ react-server-dom-turbopack-client.browser.development.js:2159
wakeChunk @ react-server-dom-turbopack-client.browser.development.js:1549
fulfillReference @ react-server-dom-turbopack-client.browser.development.js:2159
wakeChunk @ react-server-dom-turbopack-client.browser.development.js:1549
wakeChunkIfInitialized @ react-server-dom-turbopack-client.browser.development.js:1591
resolveModelChunk @ react-server-dom-turbopack-client.browser.development.js:1701
processFullStringRow @ react-server-dom-turbopack-client.browser.development.js:4512
processFullBinaryRow @ react-server-dom-turbopack-client.browser.development.js:4370
processBinaryChunk @ react-server-dom-turbopack-client.browser.development.js:4593
progress @ react-server-dom-turbopack-client.browser.development.js:4910
"use server"
ResponseInstance @ react-server-dom-turbopack-client.browser.development.js:2833
createResponseFromOptions @ react-server-dom-turbopack-client.browser.development.js:4788
(anonymous) @ react-server-dom-turbopack-client.browser.development.js:5191
(anonymous) @ app-index.tsx:265
(anonymous) @ hmr-runtime.ts:650
runModuleExecutionHooks @ dev-base.ts:213
instantiateModuleShared @ hmr-runtime.ts:648
instantiateModule @ dev-base.ts:181
(anonymous) @ dev-base.ts:135
commonJsRequire @ runtime-utils.ts:440
(anonymous) @ app-next-turbopack.ts:12
(anonymous) @ app-bootstrap.ts:79
loadScriptsInSequence @ app-bootstrap.ts:23
appBootstrap @ app-bootstrap.ts:61
(anonymous) @ app-next-turbopack.ts:11
(anonymous) @ hmr-runtime.ts:650
runModuleExecutionHooks @ dev-base.ts:213
instantiateModuleShared @ hmr-runtime.ts:648
instantiateModule @ dev-base.ts:181
getOrInstantiateRuntimeModule @ dev-base.ts:101
registerChunk @ runtime-backend-dom.ts:65
await in registerChunk
registerChunk @ dev-base.ts:562
(anonymous) @ dev-backend-dom.ts:145
(anonymous) @ dev-backend-dom.ts:145
forward-logs-shared.ts:95 [Fast Refresh] rebuilding
forward-logs-shared.ts:95 [Fast Refresh] done in 5521ms
forward-logs-shared.ts:95 [Fast Refresh] rebuilding
forward-logs-shared.ts:95 [Fast Refresh] done in 118ms
forward-logs-shared.ts:95 [Fast Refresh] rebuilding
forward-logs-shared.ts:95 [Fast Refresh] done in 3460ms
