[     772ms] [ERROR] Base UI: A component that acts as a button expected a native <button> because the `nativeButton` prop is true. Rendering a non-<button> removes native button semantics, which can impact forms and accessibility. Use a real <button> in the `render` prop, or set `nativeButton` to `false`.
    at Button (http://localhost:5174/src/components/ui/button.tsx:76:24)
    at CreateUserPage (http://localhost:5174/src/pages/admin/users/new.tsx:34:32)
    at http://localhost:5174/node_modules/.vite/deps/@tanstack_react-router.js?v=bd46baa7:6470:63
    at mountMemo (http://localhost:5174/node_modules/.vite/deps/react-dom_client.js?v=cea14d07:4930:20)
    at Object.useMemo (http://localhost:5174/node_modules/.vite/deps/react-dom_client.js?v=cea14d07:13023:13)
    at exports.useMemo (http://localhost:5174/node_modules/.vite/deps/react-3_O8oni9.js?v=827c02bd:767:31)
    at MatchInnerImpl (http://localhost:5174/node_modules/.vite/deps/@tanstack_react-router.js?v=bd46baa7:6468:27)
    at MatchView (http://localhost:5174/node_modules/.vite/deps/@tanstack_react-router.js?v=bd46baa7:6391:54)
    at MatchImpl (http://localhost:5174/node_modules/.vite/deps/@tanstack_react-router.js?v=bd46baa7:6339:52)
    at OutletImpl (http://localhost:5174/node_modules/.vite/deps/@tanstack_react-router.js?v=bd46baa7:6547:63)
    at AppShell (http://localhost:5174/src/components/layout/app-shell.tsx?t=1774603400933:48:30)
    at http://localhost:5174/node_modules/.vite/deps/@tanstack_react-router.js?v=bd46baa7:6470:63
    at mountMemo (http://localhost:5174/node_modules/.vite/deps/react-dom_client.js?v=cea14d07:4930:20)
    at Object.useMemo (http://localhost:5174/node_modules/.vite/deps/react-dom_client.js?v=cea14d07:13023:13)
    at exports.useMemo (http://localhost:5174/node_modules/.vite/deps/react-3_O8oni9.js?v=827c02bd:767:31)
    at MatchInnerImpl (http://localhost:5174/node_modules/.vite/deps/@tanstack_react-router.js?v=bd46baa7:6468:27)
    at MatchView (http://localhost:5174/node_modules/.vite/deps/@tanstack_react-router.js?v=bd46baa7:6391:54)
    at MatchImpl (http://localhost:5174/node_modules/.vite/deps/@tanstack_react-router.js?v=bd46baa7:6339:52)
    at OutletImpl (http://localhost:5174/node_modules/.vite/deps/@tanstack_react-router.js?v=bd46baa7:6547:63)
    at component (http://localhost:5174/src/app/router.tsx?t=1774603400933:42:117)
    at http://localhost:5174/node_modules/.vite/deps/@tanstack_react-router.js?v=bd46baa7:6470:63
    at mountMemo (http://localhost:5174/node_modules/.vite/deps/react-dom_client.js?v=cea14d07:4930:20)
    at Object.useMemo (http://localhost:5174/node_modules/.vite/deps/react-dom_client.js?v=cea14d07:13023:13)
    at exports.useMemo (http://localhost:5174/node_modules/.vite/deps/react-3_O8oni9.js?v=827c02bd:767:31)
    at MatchInnerImpl (http://localhost:5174/node_modules/.vite/deps/@tanstack_react-router.js?v=bd46baa7:6468:27)
    at MatchView (http://localhost:5174/node_modules/.vite/deps/@tanstack_react-router.js?v=bd46baa7:6391:54)
    at MatchImpl (http://localhost:5174/node_modules/.vite/deps/@tanstack_react-router.js?v=bd46baa7:6339:52)
    at MatchesInner (http://localhost:5174/node_modules/.vite/deps/@tanstack_react-router.js?v=bd46baa7:6671:78)
    at Matches (http://localhost:5174/node_modules/.vite/deps/@tanstack_react-router.js?v=bd46baa7:6662:140)
    at RouterProvider (http://localhost:5174/node_modules/.vite/deps/@tanstack_react-router.js?v=bd46baa7:6848:56)
    at App (http://localhost:5174/src/App.tsx?t=1774603400933:16:24) @ http://localhost:5174/@vite/client:509
[     957ms] [ERROR] In HTML, %s cannot be a descendant of <%s>.
This will cause a hydration error.%s <button> button 

  ...
    <SidebarContent>
      <div data-slot="sidebar-co..." data-sidebar="content" className="no-scrollb...">
        <NavMain items={[...]}>
          <SidebarGroup>
            <div data-slot="sidebar-group" data-sidebar="group" className="relative f...">
              <SidebarGroupLabel>
              <SidebarMenu>
                <ul data-slot="sidebar-menu" data-sidebar="menu" className="flex w-ful...">
                  <SidebarMenuItem>
                  <Collapsible open={false} onOpenChange={function onOpenChange}>
                    <CollapsibleRoot data-slot="collapsible" open={false} onOpenChange={function onOpenChange}>
                      <div data-closed="" data-slot="collapsible" ref={null}>
                        <SidebarMenuItem>
                          <li data-slot="sidebar-me..." data-sidebar="menu-item" className="group/menu...">
                            <CollapsibleTrigger>
                              <CollapsibleTrigger data-slot="collapsibl...">
>                               <button
>                                 type="button"
>                                 onClick={function onClick}
>                                 onMouseDown={function onMouseDown}
>                                 onKeyDown={function}
>                                 onKeyUp={function onKeyUp}
>                                 onPointerDown={function onPointerDown}
>                                 tabIndex={0}
>                                 aria-disabled={false}
>                                 aria-controls={undefined}
>                                 aria-expanded={false}
>                                 data-slot="collapsible-trigger"
>                                 ref={function}
>                               >
                                  ...
                                    <TooltipTrigger render={undefined} data-slot="sidebar-me..." ...>
                                      <TooltipTrigger data-slot="sidebar-me..." render={undefined} ...>
>                                       <button
>                                         type="button"
>                                         onPointerDown={function}
>                                         onPointerEnter={function setPointerRef}
>                                         onMouseMove={function onMouseMove}
>                                         onMouseLeave={function onMouseLeave}
>                                         onFocus={function onFocus}
>                                         onBlur={function onBlur}
>                                         id="base-ui-_r_g_"
>                                         data-trigger-disabled={undefined}
>                                         data-slot="sidebar-menu-button"
>                                         data-sidebar="menu-button"
>                                         data-size="default"
>                                         ref={function}
>                                         className={"peer/menu-button group/menu-button flex w-full items-center gap..."}
>                                       >
                                    ...
                            ...
                  ...
        ...
 @ http://localhost:5174/@vite/client:509
[     957ms] [ERROR] <%s> cannot contain a nested %s.
See this log for the ancestor stack trace. button <button> @ http://localhost:5174/@vite/client:509
