[   89691ms] [ERROR] In HTML, %s cannot be a descendant of <%s>.
This will cause a hydration error.%s <button> button 

  ...
    <SidebarContent>
      <div data-slot="sidebar-co..." data-sidebar="content" className="no-scrollb...">
        <NavMain items={[...]}>
          <SidebarGroup>
            <div data-slot="sidebar-group" data-sidebar="group" className="relative f...">
              <SidebarGroupLabel>
              <SidebarMenu>
                <ul data-slot="sidebar-menu" data-sidebar="menu" className="flex w-ful...">
                  <SidebarMenuItem>
                  <Collapsible open={false} onOpenChange={function onOpenChange}>
                    <CollapsibleRoot data-slot="collapsible" open={false} onOpenChange={function onOpenChange}>
                      <div data-closed="" data-slot="collapsible" ref={null}>
                        <SidebarMenuItem>
                          <li data-slot="sidebar-me..." data-sidebar="menu-item" className="group/menu...">
                            <CollapsibleTrigger>
                              <CollapsibleTrigger data-slot="collapsibl...">
>                               <button
>                                 type="button"
>                                 onClick={function onClick}
>                                 onMouseDown={function onMouseDown}
>                                 onKeyDown={function}
>                                 onKeyUp={function onKeyUp}
>                                 onPointerDown={function onPointerDown}
>                                 tabIndex={0}
>                                 aria-disabled={false}
>                                 aria-controls={undefined}
>                                 aria-expanded={false}
>                                 data-slot="collapsible-trigger"
>                                 ref={function}
>                               >
                                  ...
                                    <TooltipTrigger render={undefined} data-slot="sidebar-me..." ...>
                                      <TooltipTrigger data-slot="sidebar-me..." render={undefined} ...>
>                                       <button
>                                         type="button"
>                                         onPointerDown={function}
>                                         onPointerEnter={function setPointerRef}
>                                         onMouseMove={function onMouseMove}
>                                         onMouseLeave={function onMouseLeave}
>                                         onFocus={function onFocus}
>                                         onBlur={function onBlur}
>                                         id="base-ui-_r_d_"
>                                         data-trigger-disabled={undefined}
>                                         data-slot="sidebar-menu-button"
>                                         data-sidebar="menu-button"
>                                         data-size="default"
>                                         ref={function}
>                                         className={"peer/menu-button group/menu-button flex w-full items-center gap..."}
>                                       >
                                    ...
                            ...
                  ...
        ...
 @ http://localhost:5174/@vite/client:509
[   89693ms] [ERROR] <%s> cannot contain a nested %s.
See this log for the ancestor stack trace. button <button> @ http://localhost:5174/@vite/client:509
[  368900ms] [ERROR] %o

%s

%s
 Error: Base UI: MenuGroupRootContext is missing. Menu group parts must be used within <Menu.Group>.
    at useMenuGroupRootContext (http://localhost:5174/node_modules/.vite/deps/@base-ui_react_menu.js?v=4137dcd5:1024:32)
    at MenuGroupLabelComponent (http://localhost:5174/node_modules/.vite/deps/@base-ui_react_menu.js?v=4137dcd5:1064:25)
    at Object.react_stack_bottom_frame (http://localhost:5174/node_modules/.vite/deps/react-dom_client.js?v=cea14d07:12867:12)
    at renderWithHooks (http://localhost:5174/node_modules/.vite/deps/react-dom_client.js?v=cea14d07:4212:19)
    at updateForwardRef (http://localhost:5174/node_modules/.vite/deps/react-dom_client.js?v=cea14d07:5395:16)
    at beginWork (http://localhost:5174/node_modules/.vite/deps/react-dom_client.js?v=cea14d07:6203:21)
    at runWithFiberInDEV (http://localhost:5174/node_modules/.vite/deps/react-dom_client.js?v=cea14d07:850:66)
    at performUnitOfWork (http://localhost:5174/node_modules/.vite/deps/react-dom_client.js?v=cea14d07:8428:92)
    at workLoopSync (http://localhost:5174/node_modules/.vite/deps/react-dom_client.js?v=cea14d07:8324:37)
    at renderRootSync (http://localhost:5174/node_modules/.vite/deps/react-dom_client.js?v=cea14d07:8308:6) The above error occurred in the <MenuGroupLabel> component. React will try to recreate this component tree from scratch using the error boundary you provided, CatchBoundaryImpl. @ http://localhost:5174/@vite/client:509
[  368909ms] [WARNING] Warning: The following error wasn't caught by any route! At the very least, consider setting an 'errorComponent' in your RootRoute! @ http://localhost:5174/@vite/client:509
[  368910ms] [WARNING] Warning: Base UI: MenuGroupRootContext is missing. Menu group parts must be used within <Menu.Group>. @ http://localhost:5174/@vite/client:509
[  425231ms] [ERROR] In HTML, %s cannot be a descendant of <%s>.
This will cause a hydration error.%s <button> button 

  ...
    <SidebarContent>
      <div data-slot="sidebar-co..." data-sidebar="content" className="no-scrollb...">
        <NavMain items={[...]}>
          <SidebarGroup>
            <div data-slot="sidebar-group" data-sidebar="group" className="relative f...">
              <SidebarGroupLabel>
              <SidebarMenu>
                <ul data-slot="sidebar-menu" data-sidebar="menu" className="flex w-ful...">
                  <SidebarMenuItem>
                  <Collapsible open={false} onOpenChange={function onOpenChange}>
                    <CollapsibleRoot data-slot="collapsible" open={false} onOpenChange={function onOpenChange}>
                      <div data-closed="" data-slot="collapsible" ref={null}>
                        <SidebarMenuItem>
                          <li data-slot="sidebar-me..." data-sidebar="menu-item" className="group/menu...">
                            <CollapsibleTrigger>
                              <CollapsibleTrigger data-slot="collapsibl...">
>                               <button
>                                 type="button"
>                                 onClick={function onClick}
>                                 onMouseDown={function onMouseDown}
>                                 onKeyDown={function}
>                                 onKeyUp={function onKeyUp}
>                                 onPointerDown={function onPointerDown}
>                                 tabIndex={0}
>                                 aria-disabled={false}
>                                 aria-controls={undefined}
>                                 aria-expanded={false}
>                                 data-slot="collapsible-trigger"
>                                 ref={function}
>                               >
                                  ...
                                    <TooltipTrigger render={undefined} data-slot="sidebar-me..." ...>
                                      <TooltipTrigger data-slot="sidebar-me..." render={undefined} ...>
>                                       <button
>                                         type="button"
>                                         onPointerDown={function}
>                                         onPointerEnter={function setPointerRef}
>                                         onMouseMove={function onMouseMove}
>                                         onMouseLeave={function onMouseLeave}
>                                         onFocus={function onFocus}
>                                         onBlur={function onBlur}
>                                         id="base-ui-_r_a_"
>                                         data-trigger-disabled={undefined}
>                                         data-slot="sidebar-menu-button"
>                                         data-sidebar="menu-button"
>                                         data-size="default"
>                                         ref={function}
>                                         className={"peer/menu-button group/menu-button flex w-full items-center gap..."}
>                                       >
                                    ...
                            ...
                  ...
        ...
 @ http://localhost:5174/@vite/client:509
[  425232ms] [ERROR] <%s> cannot contain a nested %s.
See this log for the ancestor stack trace. button <button> @ http://localhost:5174/@vite/client:509
