[     499ms] [ERROR] In HTML, %s cannot be a descendant of <%s>.
This will cause a hydration error.%s <button> button 

  ...
    <SidebarContent>
      <div data-slot="sidebar-co..." data-sidebar="content" className="no-scrollb...">
        <NavMain items={[...]}>
          <SidebarGroup>
            <div data-slot="sidebar-group" data-sidebar="group" className="relative f...">
              <SidebarGroupLabel>
              <SidebarMenu>
                <ul data-slot="sidebar-menu" data-sidebar="menu" className="flex w-ful...">
                  <SidebarMenuItem>
                  <Collapsible open={false} onOpenChange={function onOpenChange}>
                    <CollapsibleRoot data-slot="collapsible" open={false} onOpenChange={function onOpenChange}>
                      <div data-closed="" data-slot="collapsible" ref={null}>
                        <SidebarMenuItem>
                          <li data-slot="sidebar-me..." data-sidebar="menu-item" className="group/menu...">
                            <CollapsibleTrigger>
                              <CollapsibleTrigger data-slot="collapsibl...">
>                               <button
>                                 type="button"
>                                 onClick={function onClick}
>                                 onMouseDown={function onMouseDown}
>                                 onKeyDown={function}
>                                 onKeyUp={function onKeyUp}
>                                 onPointerDown={function onPointerDown}
>                                 tabIndex={0}
>                                 aria-disabled={false}
>                                 aria-controls={undefined}
>                                 aria-expanded={false}
>                                 data-slot="collapsible-trigger"
>                                 ref={function}
>                               >
                                  ...
                                    <TooltipTrigger render={undefined} data-slot="sidebar-me..." ...>
                                      <TooltipTrigger data-slot="sidebar-me..." render={undefined} ...>
>                                       <button
>                                         type="button"
>                                         onPointerDown={function}
>                                         onPointerEnter={function setPointerRef}
>                                         onMouseMove={function onMouseMove}
>                                         onMouseLeave={function onMouseLeave}
>                                         onFocus={function onFocus}
>                                         onBlur={function onBlur}
>                                         id="base-ui-_r_a_"
>                                         data-trigger-disabled={undefined}
>                                         data-slot="sidebar-menu-button"
>                                         data-sidebar="menu-button"
>                                         data-size="default"
>                                         ref={function}
>                                         className={"peer/menu-button group/menu-button flex w-full items-center gap..."}
>                                       >
                                    ...
                            ...
                  ...
        ...
 @ http://localhost:5174/@vite/client:509
[     500ms] [ERROR] <%s> cannot contain a nested %s.
See this log for the ancestor stack trace. button <button> @ http://localhost:5174/@vite/client:509
